<?xml version="1.0" encoding="UTF-8"?>
<!-- Generated by org.testng.reporters.JUnitXMLReporter -->
<testsuite hostname="luvsbluemuthu" ignored="0" name="Default test" tests="5" failures="0" timestamp="23 Nov 2021 07:41:33 GMT" time="0.126" errors="0">
  <testcase name="tc01" time="0.031" classname="org.login.Company"/>
  <testcase name="tc02" time="0.016" classname="org.login.Company"/>
  <testcase name="tc03" time="0.0" classname="org.login.Company"/>
  <testcase name="tc04" time="0.017" classname="org.login.Company"/>
  <testcase name="tc05" time="0.0" classname="org.login.Company"/>
</testsuite> <!-- Default test -->
